[2026-03-04 15:16:53] app.ERROR: Class "App\Controllers\Controller" not found {"file":"D:\\Wampp\\www\\php_mvc_skeleton_user_mng\\app\\Controllers\\AuthController.php","line":417,"trace":"#0 D:\\Wampp\\www\\php_mvc_skeleton_user_mng\\vendor\\composer\\ClassLoader.php(576): include()
#1 D:\\Wampp\\www\\php_mvc_skeleton_user_mng\\vendor\\composer\\ClassLoader.php(427): Composer\\Autoload\\{closure}('D:\\\\Wampp\\\\www\\\\ph...')
#2 D:\\Wampp\\www\\php_mvc_skeleton_user_mng\\app\\Core\\Router.php(30): Composer\\Autoload\\ClassLoader->loadClass('App\\\\Controllers...')
#3 D:\\Wampp\\www\\php_mvc_skeleton_user_mng\\public\\index.php(50): App\\Core\\Router::dispatch('/register', 'GET')
#4 {main}"}

[2026-03-04 15:17:17] app.ERROR: Class "App\Controllers\Controller" not found {"file":"D:\\Wampp\\www\\php_mvc_skeleton_user_mng\\app\\Controllers\\AuthController.php","line":417,"trace":"#0 D:\\Wampp\\www\\php_mvc_skeleton_user_mng\\vendor\\composer\\ClassLoader.php(576): include()
#1 D:\\Wampp\\www\\php_mvc_skeleton_user_mng\\vendor\\composer\\ClassLoader.php(427): Composer\\Autoload\\{closure}('D:\\\\Wampp\\\\www\\\\ph...')
#2 D:\\Wampp\\www\\php_mvc_skeleton_user_mng\\app\\Core\\Router.php(30): Composer\\Autoload\\ClassLoader->loadClass('App\\\\Controllers...')
#3 D:\\Wampp\\www\\php_mvc_skeleton_user_mng\\public\\index.php(50): App\\Core\\Router::dispatch('/register', 'GET')
#4 {main}"}[2026-03-04 15:21:08] app.ERROR: Class "App\Controllers\Controller" not found {"file":"D:\\Wampp\\www\\php_mvc_skeleton_user_mng\\app\\Controllers\\AuthController.php","line":417,"trace":"#0 D:\\Wampp\\www\\php_mvc_skeleton_user_mng\\vendor\\composer\\ClassLoader.php(576): include()
#1 D:\\Wampp\\www\\php_mvc_skeleton_user_mng\\vendor\\composer\\ClassLoader.php(427): Composer\\Autoload\\{closure}('D:\\\\Wampp\\\\www\\\\ph...')
#2 D:\\Wampp\\www\\php_mvc_skeleton_user_mng\\app\\Core\\Router.php(30): Composer\\Autoload\\ClassLoader->loadClass('App\\\\Controllers...')
#3 D:\\Wampp\\www\\php_mvc_skeleton_user_mng\\public\\index.php(50): App\\Core\\Router::dispatch('/register', 'GET')
#4 {main}"} 
[2026-03-04 15:21:09] app.ERROR: Class "App\Controllers\Controller" not found {"file":"D:\\Wampp\\www\\php_mvc_skeleton_user_mng\\app\\Controllers\\AuthController.php","line":417,"trace":"#0 D:\\Wampp\\www\\php_mvc_skeleton_user_mng\\vendor\\composer\\ClassLoader.php(576): include()
#1 D:\\Wampp\\www\\php_mvc_skeleton_user_mng\\vendor\\composer\\ClassLoader.php(427): Composer\\Autoload\\{closure}('D:\\\\Wampp\\\\www\\\\ph...')
#2 D:\\Wampp\\www\\php_mvc_skeleton_user_mng\\app\\Core\\Router.php(30): Composer\\Autoload\\ClassLoader->loadClass('App\\\\Controllers...')
#3 D:\\Wampp\\www\\php_mvc_skeleton_user_mng\\public\\index.php(50): App\\Core\\Router::dispatch('/register', 'GET')
#4 {main}"} 
[2026-03-04 20:02:43] app.ERROR: Class "App\Controllers\Controller" not found {"file":"D:\\Wampp\\www\\php_mvc_skeleton_user_mng\\app\\Controllers\\AuthController.php","line":417,"trace":"#0 D:\\Wampp\\www\\php_mvc_skeleton_user_mng\\vendor\\composer\\ClassLoader.php(576): include()
#1 D:\\Wampp\\www\\php_mvc_skeleton_user_mng\\vendor\\composer\\ClassLoader.php(427): Composer\\Autoload\\{closure}('D:\\\\Wampp\\\\www\\\\ph...')
#2 D:\\Wampp\\www\\php_mvc_skeleton_user_mng\\app\\Core\\Router.php(30): Composer\\Autoload\\ClassLoader->loadClass('App\\\\Controllers...')
#3 D:\\Wampp\\www\\php_mvc_skeleton_user_mng\\public\\index.php(51): App\\Core\\Router::dispatch('/register', 'GET')
#4 {main}"} 
[2026-03-04 20:02:43] app.ERROR: Class "App\Controllers\Controller" not found {"file":"D:\\Wampp\\www\\php_mvc_skeleton_user_mng\\app\\Controllers\\AuthController.php","line":417,"trace":"#0 D:\\Wampp\\www\\php_mvc_skeleton_user_mng\\vendor\\composer\\ClassLoader.php(576): include()
#1 D:\\Wampp\\www\\php_mvc_skeleton_user_mng\\vendor\\composer\\ClassLoader.php(427): Composer\\Autoload\\{closure}('D:\\\\Wampp\\\\www\\\\ph...')
#2 D:\\Wampp\\www\\php_mvc_skeleton_user_mng\\app\\Core\\Router.php(30): Composer\\Autoload\\ClassLoader->loadClass('App\\\\Controllers...')
#3 D:\\Wampp\\www\\php_mvc_skeleton_user_mng\\public\\index.php(51): App\\Core\\Router::dispatch('/register', 'GET')
#4 {main}"} 
[2026-03-04 20:02:43] app.ERROR: Class "App\Controllers\Controller" not found {"file":"D:\\Wampp\\www\\php_mvc_skeleton_user_mng\\app\\Controllers\\AuthController.php","line":417,"trace":"#0 D:\\Wampp\\www\\php_mvc_skeleton_user_mng\\vendor\\composer\\ClassLoader.php(576): include()
#1 D:\\Wampp\\www\\php_mvc_skeleton_user_mng\\vendor\\composer\\ClassLoader.php(427): Composer\\Autoload\\{closure}('D:\\\\Wampp\\\\www\\\\ph...')
#2 D:\\Wampp\\www\\php_mvc_skeleton_user_mng\\app\\Core\\Router.php(30): Composer\\Autoload\\ClassLoader->loadClass('App\\\\Controllers...')
#3 D:\\Wampp\\www\\php_mvc_skeleton_user_mng\\public\\index.php(51): App\\Core\\Router::dispatch('/register', 'GET')
#4 {main}"} 
[2026-03-04 20:02:43] app.ERROR: Class "App\Controllers\Controller" not found {"file":"D:\\Wampp\\www\\php_mvc_skeleton_user_mng\\app\\Controllers\\AuthController.php","line":417,"trace":"#0 D:\\Wampp\\www\\php_mvc_skeleton_user_mng\\vendor\\composer\\ClassLoader.php(576): include()
#1 D:\\Wampp\\www\\php_mvc_skeleton_user_mng\\vendor\\composer\\ClassLoader.php(427): Composer\\Autoload\\{closure}('D:\\\\Wampp\\\\www\\\\ph...')
#2 D:\\Wampp\\www\\php_mvc_skeleton_user_mng\\app\\Core\\Router.php(30): Composer\\Autoload\\ClassLoader->loadClass('App\\\\Controllers...')
#3 D:\\Wampp\\www\\php_mvc_skeleton_user_mng\\public\\index.php(51): App\\Core\\Router::dispatch('/register', 'GET')
#4 {main}"} 
[2026-03-04 20:02:43] app.ERROR: Class "App\Controllers\Controller" not found {"file":"D:\\Wampp\\www\\php_mvc_skeleton_user_mng\\app\\Controllers\\AuthController.php","line":417,"trace":"#0 D:\\Wampp\\www\\php_mvc_skeleton_user_mng\\vendor\\composer\\ClassLoader.php(576): include()
#1 D:\\Wampp\\www\\php_mvc_skeleton_user_mng\\vendor\\composer\\ClassLoader.php(427): Composer\\Autoload\\{closure}('D:\\\\Wampp\\\\www\\\\ph...')
#2 D:\\Wampp\\www\\php_mvc_skeleton_user_mng\\app\\Core\\Router.php(30): Composer\\Autoload\\ClassLoader->loadClass('App\\\\Controllers...')
#3 D:\\Wampp\\www\\php_mvc_skeleton_user_mng\\public\\index.php(51): App\\Core\\Router::dispatch('/register', 'GET')
#4 {main}"} 
[2026-03-04 21:48:02] app.ERROR: Table 'user_mvc.settings' doesn't exist {"file":"D:\\Wampp\\www\\php_mvc_skeleton_user_mng\\app\\Models\\Settings.php","line":18,"trace":"#0 D:\\Wampp\\www\\php_mvc_skeleton_user_mng\\app\\Models\\Settings.php(18): mysqli->prepare('SELECT * FROM s...')
#1 D:\\Wampp\\www\\php_mvc_skeleton_user_mng\\app\\Controllers\\SettingsController.php(24): App\\Models\\Settings->getAll()
#2 D:\\Wampp\\www\\php_mvc_skeleton_user_mng\\app\\Core\\Router.php(30): App\\Controllers\\SettingsController->index()
#3 D:\\Wampp\\www\\php_mvc_skeleton_user_mng\\public\\index.php(51): App\\Core\\Router::dispatch('/settings', 'GET')
#4 {main}"} 
[2026-03-04 21:48:36] app.ERROR: Table 'user_mvc.settings' doesn't exist {"file":"D:\\Wampp\\www\\php_mvc_skeleton_user_mng\\app\\Models\\Settings.php","line":18,"trace":"#0 D:\\Wampp\\www\\php_mvc_skeleton_user_mng\\app\\Models\\Settings.php(18): mysqli->prepare('SELECT * FROM s...')
#1 D:\\Wampp\\www\\php_mvc_skeleton_user_mng\\app\\Controllers\\SettingsController.php(24): App\\Models\\Settings->getAll()
#2 D:\\Wampp\\www\\php_mvc_skeleton_user_mng\\app\\Core\\Router.php(30): App\\Controllers\\SettingsController->index()
#3 D:\\Wampp\\www\\php_mvc_skeleton_user_mng\\public\\index.php(51): App\\Core\\Router::dispatch('/settings', 'GET')
#4 {main}"} 
[2026-03-04 21:49:23] app.ERROR: Table 'user_mvc.settings' doesn't exist {"file":"D:\\Wampp\\www\\php_mvc_skeleton_user_mng\\app\\Models\\Settings.php","line":18,"trace":"#0 D:\\Wampp\\www\\php_mvc_skeleton_user_mng\\app\\Models\\Settings.php(18): mysqli->prepare('SELECT * FROM s...')
#1 D:\\Wampp\\www\\php_mvc_skeleton_user_mng\\app\\Controllers\\SettingsController.php(24): App\\Models\\Settings->getAll()
#2 D:\\Wampp\\www\\php_mvc_skeleton_user_mng\\app\\Core\\Router.php(30): App\\Controllers\\SettingsController->index()
#3 D:\\Wampp\\www\\php_mvc_skeleton_user_mng\\public\\index.php(51): App\\Core\\Router::dispatch('/settings', 'GET')
#4 {main}"} 
[2026-03-04 21:50:29] app.ERROR: Table 'user_mvc.settings' doesn't exist {"file":"D:\\Wampp\\www\\php_mvc_skeleton_user_mng\\app\\Models\\Settings.php","line":18,"trace":"#0 D:\\Wampp\\www\\php_mvc_skeleton_user_mng\\app\\Models\\Settings.php(18): mysqli->prepare('SELECT * FROM s...')
#1 D:\\Wampp\\www\\php_mvc_skeleton_user_mng\\app\\Controllers\\SettingsController.php(24): App\\Models\\Settings->getAll()
#2 D:\\Wampp\\www\\php_mvc_skeleton_user_mng\\app\\Core\\Router.php(30): App\\Controllers\\SettingsController->index()
#3 D:\\Wampp\\www\\php_mvc_skeleton_user_mng\\public\\index.php(51): App\\Core\\Router::dispatch('/settings', 'GET')
#4 {main}"} 
[2026-03-04 21:50:30] app.ERROR: Table 'user_mvc.settings' doesn't exist {"file":"D:\\Wampp\\www\\php_mvc_skeleton_user_mng\\app\\Models\\Settings.php","line":18,"trace":"#0 D:\\Wampp\\www\\php_mvc_skeleton_user_mng\\app\\Models\\Settings.php(18): mysqli->prepare('SELECT * FROM s...')
#1 D:\\Wampp\\www\\php_mvc_skeleton_user_mng\\app\\Controllers\\SettingsController.php(24): App\\Models\\Settings->getAll()
#2 D:\\Wampp\\www\\php_mvc_skeleton_user_mng\\app\\Core\\Router.php(30): App\\Controllers\\SettingsController->index()
#3 D:\\Wampp\\www\\php_mvc_skeleton_user_mng\\public\\index.php(51): App\\Core\\Router::dispatch('/settings', 'GET')
#4 {main}"} 
[2026-03-04 21:50:34] app.ERROR: Table 'user_mvc.settings' doesn't exist {"file":"D:\\Wampp\\www\\php_mvc_skeleton_user_mng\\app\\Models\\Settings.php","line":18,"trace":"#0 D:\\Wampp\\www\\php_mvc_skeleton_user_mng\\app\\Models\\Settings.php(18): mysqli->prepare('SELECT * FROM s...')
#1 D:\\Wampp\\www\\php_mvc_skeleton_user_mng\\app\\Controllers\\SettingsController.php(24): App\\Models\\Settings->getAll()
#2 D:\\Wampp\\www\\php_mvc_skeleton_user_mng\\app\\Core\\Router.php(30): App\\Controllers\\SettingsController->index()
#3 D:\\Wampp\\www\\php_mvc_skeleton_user_mng\\public\\index.php(51): App\\Core\\Router::dispatch('/settings', 'GET')
#4 {main}"} 
[2026-03-04 21:51:00] app.ERROR: Call to undefined method App\Controllers\AdminController::index() {"file":"D:\\Wampp\\www\\php_mvc_skeleton_user_mng\\app\\Core\\Router.php","line":30,"trace":"#0 D:\\Wampp\\www\\php_mvc_skeleton_user_mng\\public\\index.php(51): App\\Core\\Router::dispatch('/settings', 'GET')
#1 {main}"} 
[2026-03-04 21:51:00] app.ERROR: Call to undefined method App\Controllers\AdminController::index() {"file":"D:\\Wampp\\www\\php_mvc_skeleton_user_mng\\app\\Core\\Router.php","line":30,"trace":"#0 D:\\Wampp\\www\\php_mvc_skeleton_user_mng\\public\\index.php(51): App\\Core\\Router::dispatch('/settings', 'GET')
#1 {main}"} 
[2026-03-04 21:51:01] app.ERROR: Call to undefined method App\Controllers\AdminController::index() {"file":"D:\\Wampp\\www\\php_mvc_skeleton_user_mng\\app\\Core\\Router.php","line":30,"trace":"#0 D:\\Wampp\\www\\php_mvc_skeleton_user_mng\\public\\index.php(51): App\\Core\\Router::dispatch('/settings', 'GET')
#1 {main}"} 
[2026-03-04 21:51:01] app.ERROR: Call to undefined method App\Controllers\AdminController::index() {"file":"D:\\Wampp\\www\\php_mvc_skeleton_user_mng\\app\\Core\\Router.php","line":30,"trace":"#0 D:\\Wampp\\www\\php_mvc_skeleton_user_mng\\public\\index.php(51): App\\Core\\Router::dispatch('/settings', 'GET')
#1 {main}"}
[2026-03-04 21:51:01] app.ERROR: Call to undefined method App\Controllers\AdminController::index() {"file":"D:\\Wampp\\www\\php_mvc_skeleton_user_mng\\app\\Core\\Router.php","line":30,"trace":"#0 D:\\Wampp\\www\\php_mvc_skeleton_user_mng\\public\\index.php(51): App\\Core\\Router::dispatch('/settings', 'GET')
#1 {main}"} 
[2026-03-04 22:27:39] app.ERROR: Unclosed '[' does not match ')' {"file":"D:\\Wampp\\www\\php_mvc_skeleton_user_mng\\app\\Controllers\\AdminController.php","line":29,"trace":"#0 D:\\Wampp\\www\\php_mvc_skeleton_user_mng\\vendor\\composer\\ClassLoader.php(427): Composer\\Autoload\\{closure}('D:\\\\Wampp\\\\www\\\\ph...')
#1 D:\\Wampp\\www\\php_mvc_skeleton_user_mng\\app\\Core\\Router.php(30): Composer\\Autoload\\ClassLoader->loadClass('App\\\\Controllers...')
#2 D:\\Wampp\\www\\php_mvc_skeleton_user_mng\\public\\index.php(51): App\\Core\\Router::dispatch('/admin/dashboar...', 'GET')
#3 {main}"} 
[2026-03-04 22:27:40] app.ERROR: Unclosed '[' does not match ')' {"file":"D:\\Wampp\\www\\php_mvc_skeleton_user_mng\\app\\Controllers\\AdminController.php","line":29,"trace":"#0 D:\\Wampp\\www\\php_mvc_skeleton_user_mng\\vendor\\composer\\ClassLoader.php(427): Composer\\Autoload\\{closure}('D:\\\\Wampp\\\\www\\\\ph...')
#1 D:\\Wampp\\www\\php_mvc_skeleton_user_mng\\app\\Core\\Router.php(30): Composer\\Autoload\\ClassLoader->loadClass('App\\\\Controllers...')
#2 D:\\Wampp\\www\\php_mvc_skeleton_user_mng\\public\\index.php(51): App\\Core\\Router::dispatch('/admin/dashboar...', 'GET')
#3 {main}"} 
[2026-03-04 22:55:30] app.ERROR: Mailer Error: SMTP Error: data not accepted. SMTP server error: DATA command failed Detail: Too many emails per second. Please upgrade your plan https://mailtrap.io/billing/plans/testing
 SMTP code: 550 Additional SMTP info: 5.7.0 {"file":"D:\\Wampp\\www\\php_mvc_skeleton_user_mng\\app\\Core\\Mailer.php","line":40,"trace":"#0 D:\\Wampp\\www\\php_mvc_skeleton_user_mng\\app\\Service\\MailService.php(84): App\\Core\\Mailer->send('admin@example.c...', 'Email Verificat...', '\\r\\n            <...')
#1 D:\\Wampp\\www\\php_mvc_skeleton_user_mng\\app\\Service\\AuthService.php(51): App\\Service\\MailService->sendNewUserJoined('admin@example.c...', 'prasad', 'prasad@gmail.co...')
#2 D:\\Wampp\\www\\php_mvc_skeleton_user_mng\\app\\Controllers\\AuthController.php(52): App\\Service\\AuthService->registerUser('prasad', 'prasad@gmail.co...', 'prasad12345')
#3 D:\\Wampp\\www\\php_mvc_skeleton_user_mng\\app\\Core\\Router.php(30): App\\Controllers\\AuthController->register()
#4 D:\\Wampp\\www\\php_mvc_skeleton_user_mng\\public\\index.php(51): App\\Core\\Router::dispatch('/register', 'POST')
#5 {main}"} 
[2026-03-04 23:07:03] app.ERROR: Class "App\Services\Database" not found {"file":"D:\\Wampp\\www\\php_mvc_skeleton_user_mng\\app\\Service\\AuthService.php","line":14,"trace":"#0 D:\\Wampp\\www\\php_mvc_skeleton_user_mng\\app\\Controllers\\AuthController.php(16): App\\Service\\AuthService->__construct()
#1 D:\\Wampp\\www\\php_mvc_skeleton_user_mng\\app\\Core\\Router.php(30): App\\Controllers\\AuthController->__construct()
#2 D:\\Wampp\\www\\php_mvc_skeleton_user_mng\\public\\index.php(51): App\\Core\\Router::dispatch('/login', 'GET')
#3 {main}"} 
